[  0%] Built target geometry_msgs_generate_messages_cpp
[  0%] Built target geometry_msgs_generate_messages_py
[ 15%] Built target whycon
[ 15%] Built target geometry_msgs_generate_messages_nodejs
[ 15%] Built target geometry_msgs_generate_messages_lisp
[ 15%] Built target geometry_msgs_generate_messages_eus
[ 15%] Built target _whycon_generate_messages_check_deps_Projection
[ 23%] Built target whycon_generate_messages_cpp
[ 23%] Built target whycon_generate_messages_nodejs
[ 30%] Built target whycon_generate_messages_py
[ 34%] Built target whycon_generate_messages_lisp
[ 42%] Built target whycon_generate_messages_eus
[ 46%] [32m[1mLinking CXX executable /home/thilanka/catkin_ws/devel/.private/whycon/lib/whycon/whycon[0m
[ 50%] [32m[1mLinking CXX executable /home/thilanka/catkin_ws/devel/.private/whycon/lib/whycon/set_axis[0m
[ 53%] [32m[1mLinking CXX executable /home/thilanka/catkin_ws/devel/.private/whycon/lib/whycon/robot_pose_publisher[0m
[ 61%] Built target robot_pose_publisher
[ 65%] [32m[1mLinking CXX executable /home/thilanka/catkin_ws/devel/.private/whycon/lib/whycon/transformer[0m
[ 65%] Built target whycon_generate_messages
[ 69%] [32m[1mLinking CXX shared library /home/thilanka/catkin_ws/devel/.private/whycon/lib/libwhycon_nodelet.so[0m
[ 76%] Built target set_axis
[ 84%] Built target transformer
[ 92%] Built target whycon-node
[100%] Built target whycon_nodelet
