Linked: (/home/thilanka/catkin_ws/devel/.private/edrone_client/include/edrone_client/edrone_msgs.h, /home/thilanka/catkin_ws/devel/include/edrone_client/edrone_msgs.h)
Linked: (/home/thilanka/catkin_ws/devel/.private/edrone_client/include/edrone_client/edrone_services.h, /home/thilanka/catkin_ws/devel/include/edrone_client/edrone_services.h)
Linked: (/home/thilanka/catkin_ws/devel/.private/edrone_client/include/edrone_client/edrone_servicesResponse.h, /home/thilanka/catkin_ws/devel/include/edrone_client/edrone_servicesResponse.h)
Linked: (/home/thilanka/catkin_ws/devel/.private/edrone_client/include/edrone_client/edrone_servicesRequest.h, /home/thilanka/catkin_ws/devel/include/edrone_client/edrone_servicesRequest.h)
Linked: (/home/thilanka/catkin_ws/devel/.private/edrone_client/share/edrone_client/cmake/edrone_clientConfig.cmake, /home/thilanka/catkin_ws/devel/share/edrone_client/cmake/edrone_clientConfig.cmake)
Linked: (/home/thilanka/catkin_ws/devel/.private/edrone_client/share/edrone_client/cmake/edrone_client-msg-extras.cmake, /home/thilanka/catkin_ws/devel/share/edrone_client/cmake/edrone_client-msg-extras.cmake)
Linked: (/home/thilanka/catkin_ws/devel/.private/edrone_client/share/edrone_client/cmake/edrone_client-msg-paths.cmake, /home/thilanka/catkin_ws/devel/share/edrone_client/cmake/edrone_client-msg-paths.cmake)
Linked: (/home/thilanka/catkin_ws/devel/.private/edrone_client/share/edrone_client/cmake/edrone_clientConfig-version.cmake, /home/thilanka/catkin_ws/devel/share/edrone_client/cmake/edrone_clientConfig-version.cmake)
Linked: (/home/thilanka/catkin_ws/devel/.private/edrone_client/share/roseus/ros/edrone_client/manifest.l, /home/thilanka/catkin_ws/devel/share/roseus/ros/edrone_client/manifest.l)
Linked: (/home/thilanka/catkin_ws/devel/.private/edrone_client/share/roseus/ros/edrone_client/srv/edrone_services.l, /home/thilanka/catkin_ws/devel/share/roseus/ros/edrone_client/srv/edrone_services.l)
Linked: (/home/thilanka/catkin_ws/devel/.private/edrone_client/share/roseus/ros/edrone_client/msg/edrone_msgs.l, /home/thilanka/catkin_ws/devel/share/roseus/ros/edrone_client/msg/edrone_msgs.l)
Linked: (/home/thilanka/catkin_ws/devel/.private/edrone_client/share/gennodejs/ros/edrone_client/_index.js, /home/thilanka/catkin_ws/devel/share/gennodejs/ros/edrone_client/_index.js)
Linked: (/home/thilanka/catkin_ws/devel/.private/edrone_client/share/gennodejs/ros/edrone_client/srv/_index.js, /home/thilanka/catkin_ws/devel/share/gennodejs/ros/edrone_client/srv/_index.js)
Linked: (/home/thilanka/catkin_ws/devel/.private/edrone_client/share/gennodejs/ros/edrone_client/srv/edrone_services.js, /home/thilanka/catkin_ws/devel/share/gennodejs/ros/edrone_client/srv/edrone_services.js)
Linked: (/home/thilanka/catkin_ws/devel/.private/edrone_client/share/gennodejs/ros/edrone_client/msg/_index.js, /home/thilanka/catkin_ws/devel/share/gennodejs/ros/edrone_client/msg/_index.js)
Linked: (/home/thilanka/catkin_ws/devel/.private/edrone_client/share/gennodejs/ros/edrone_client/msg/edrone_msgs.js, /home/thilanka/catkin_ws/devel/share/gennodejs/ros/edrone_client/msg/edrone_msgs.js)
Linked: (/home/thilanka/catkin_ws/devel/.private/edrone_client/share/common-lisp/ros/edrone_client/srv/edrone_client-srv.asd, /home/thilanka/catkin_ws/devel/share/common-lisp/ros/edrone_client/srv/edrone_client-srv.asd)
Linked: (/home/thilanka/catkin_ws/devel/.private/edrone_client/share/common-lisp/ros/edrone_client/srv/edrone_services.lisp, /home/thilanka/catkin_ws/devel/share/common-lisp/ros/edrone_client/srv/edrone_services.lisp)
Linked: (/home/thilanka/catkin_ws/devel/.private/edrone_client/share/common-lisp/ros/edrone_client/srv/_package_edrone_services.lisp, /home/thilanka/catkin_ws/devel/share/common-lisp/ros/edrone_client/srv/_package_edrone_services.lisp)
Linked: (/home/thilanka/catkin_ws/devel/.private/edrone_client/share/common-lisp/ros/edrone_client/srv/_package.lisp, /home/thilanka/catkin_ws/devel/share/common-lisp/ros/edrone_client/srv/_package.lisp)
Linked: (/home/thilanka/catkin_ws/devel/.private/edrone_client/share/common-lisp/ros/edrone_client/msg/edrone_msgs.lisp, /home/thilanka/catkin_ws/devel/share/common-lisp/ros/edrone_client/msg/edrone_msgs.lisp)
Linked: (/home/thilanka/catkin_ws/devel/.private/edrone_client/share/common-lisp/ros/edrone_client/msg/edrone_client-msg.asd, /home/thilanka/catkin_ws/devel/share/common-lisp/ros/edrone_client/msg/edrone_client-msg.asd)
Linked: (/home/thilanka/catkin_ws/devel/.private/edrone_client/share/common-lisp/ros/edrone_client/msg/_package_edrone_msgs.lisp, /home/thilanka/catkin_ws/devel/share/common-lisp/ros/edrone_client/msg/_package_edrone_msgs.lisp)
Linked: (/home/thilanka/catkin_ws/devel/.private/edrone_client/share/common-lisp/ros/edrone_client/msg/_package.lisp, /home/thilanka/catkin_ws/devel/share/common-lisp/ros/edrone_client/msg/_package.lisp)
Linked: (/home/thilanka/catkin_ws/devel/.private/edrone_client/lib/libedrone_client.so, /home/thilanka/catkin_ws/devel/lib/libedrone_client.so)
Linked: (/home/thilanka/catkin_ws/devel/.private/edrone_client/lib/edrone_client/edroneswarm, /home/thilanka/catkin_ws/devel/lib/edrone_client/edroneswarm)
Linked: (/home/thilanka/catkin_ws/devel/.private/edrone_client/lib/edrone_client/edroneclient, /home/thilanka/catkin_ws/devel/lib/edrone_client/edroneclient)
Linked: (/home/thilanka/catkin_ws/devel/.private/edrone_client/lib/pkgconfig/edrone_client.pc, /home/thilanka/catkin_ws/devel/lib/pkgconfig/edrone_client.pc)
Linked: (/home/thilanka/catkin_ws/devel/.private/edrone_client/lib/python3/dist-packages/edrone_client/__init__.py, /home/thilanka/catkin_ws/devel/lib/python3/dist-packages/edrone_client/__init__.py)
Linked: (/home/thilanka/catkin_ws/devel/.private/edrone_client/lib/python3/dist-packages/edrone_client/srv/__init__.py, /home/thilanka/catkin_ws/devel/lib/python3/dist-packages/edrone_client/srv/__init__.py)
Linked: (/home/thilanka/catkin_ws/devel/.private/edrone_client/lib/python3/dist-packages/edrone_client/srv/_edrone_services.py, /home/thilanka/catkin_ws/devel/lib/python3/dist-packages/edrone_client/srv/_edrone_services.py)
Linked: (/home/thilanka/catkin_ws/devel/.private/edrone_client/lib/python3/dist-packages/edrone_client/msg/__init__.py, /home/thilanka/catkin_ws/devel/lib/python3/dist-packages/edrone_client/msg/__init__.py)
Linked: (/home/thilanka/catkin_ws/devel/.private/edrone_client/lib/python3/dist-packages/edrone_client/msg/_edrone_msgs.py, /home/thilanka/catkin_ws/devel/lib/python3/dist-packages/edrone_client/msg/_edrone_msgs.py)
