Symlinking /home/thilanka/catkin_ws/devel/include/edrone_client/edrone_msgs.h
Symlinking /home/thilanka/catkin_ws/devel/include/edrone_client/edrone_services.h
Symlinking /home/thilanka/catkin_ws/devel/include/edrone_client/edrone_servicesResponse.h
Symlinking /home/thilanka/catkin_ws/devel/include/edrone_client/edrone_servicesRequest.h
Symlinking /home/thilanka/catkin_ws/devel/share/edrone_client/cmake/edrone_clientConfig.cmake
Symlinking /home/thilanka/catkin_ws/devel/share/edrone_client/cmake/edrone_client-msg-extras.cmake
Symlinking /home/thilanka/catkin_ws/devel/share/edrone_client/cmake/edrone_client-msg-paths.cmake
Symlinking /home/thilanka/catkin_ws/devel/share/edrone_client/cmake/edrone_clientConfig-version.cmake
Symlinking /home/thilanka/catkin_ws/devel/share/roseus/ros/edrone_client/manifest.l
Symlinking /home/thilanka/catkin_ws/devel/share/roseus/ros/edrone_client/srv/edrone_services.l
Symlinking /home/thilanka/catkin_ws/devel/share/roseus/ros/edrone_client/msg/edrone_msgs.l
Symlinking /home/thilanka/catkin_ws/devel/share/gennodejs/ros/edrone_client/_index.js
Symlinking /home/thilanka/catkin_ws/devel/share/gennodejs/ros/edrone_client/srv/_index.js
Symlinking /home/thilanka/catkin_ws/devel/share/gennodejs/ros/edrone_client/srv/edrone_services.js
Symlinking /home/thilanka/catkin_ws/devel/share/gennodejs/ros/edrone_client/msg/_index.js
Symlinking /home/thilanka/catkin_ws/devel/share/gennodejs/ros/edrone_client/msg/edrone_msgs.js
Symlinking /home/thilanka/catkin_ws/devel/share/common-lisp/ros/edrone_client/srv/edrone_client-srv.asd
Symlinking /home/thilanka/catkin_ws/devel/share/common-lisp/ros/edrone_client/srv/edrone_services.lisp
Symlinking /home/thilanka/catkin_ws/devel/share/common-lisp/ros/edrone_client/srv/_package_edrone_services.lisp
Symlinking /home/thilanka/catkin_ws/devel/share/common-lisp/ros/edrone_client/srv/_package.lisp
Symlinking /home/thilanka/catkin_ws/devel/share/common-lisp/ros/edrone_client/msg/edrone_msgs.lisp
Symlinking /home/thilanka/catkin_ws/devel/share/common-lisp/ros/edrone_client/msg/edrone_client-msg.asd
Symlinking /home/thilanka/catkin_ws/devel/share/common-lisp/ros/edrone_client/msg/_package_edrone_msgs.lisp
Symlinking /home/thilanka/catkin_ws/devel/share/common-lisp/ros/edrone_client/msg/_package.lisp
Symlinking /home/thilanka/catkin_ws/devel/lib/libedrone_client.so
Symlinking /home/thilanka/catkin_ws/devel/lib/edrone_client/edroneswarm
Symlinking /home/thilanka/catkin_ws/devel/lib/edrone_client/edroneclient
Symlinking /home/thilanka/catkin_ws/devel/lib/pkgconfig/edrone_client.pc
Symlinking /home/thilanka/catkin_ws/devel/lib/python3/dist-packages/edrone_client/__init__.py
Symlinking /home/thilanka/catkin_ws/devel/lib/python3/dist-packages/edrone_client/srv/__init__.py
Symlinking /home/thilanka/catkin_ws/devel/lib/python3/dist-packages/edrone_client/srv/_edrone_services.py
Symlinking /home/thilanka/catkin_ws/devel/lib/python3/dist-packages/edrone_client/msg/__init__.py
Symlinking /home/thilanka/catkin_ws/devel/lib/python3/dist-packages/edrone_client/msg/_edrone_msgs.py
