[35m[1mScanning dependencies of target std_msgs_generate_messages_cpp[0m
[  0%] Built target std_msgs_generate_messages_cpp
[35m[1mScanning dependencies of target _edrone_client_generate_messages_check_deps_edrone_services[0m
[  0%] Built target _edrone_client_generate_messages_check_deps_edrone_services
[35m[1mScanning dependencies of target _edrone_client_generate_messages_check_deps_edrone_msgs[0m
[35m[1mScanning dependencies of target edrone_client[0m
[  0%] Built target _edrone_client_generate_messages_check_deps_edrone_msgs
[  5%] [32mBuilding CXX object CMakeFiles/edrone_client.dir/src/Communication.cpp.o[0m
[ 10%] [32mBuilding CXX object CMakeFiles/edrone_client.dir/src/Protocol.cpp.o[0m
[35m[1mScanning dependencies of target std_msgs_generate_messages_eus[0m
[ 10%] Built target std_msgs_generate_messages_eus
[35m[1mScanning dependencies of target std_msgs_generate_messages_py[0m
[ 10%] Built target std_msgs_generate_messages_py
[01m[K/home/thilanka/catkin_ws/src/sentinel_drone/task_1/edrone_client/src/Protocol.cpp:[m[K In member function ‘[01m[Kint Protocol::read32()[m[K’:
[01m[K/home/thilanka/catkin_ws/src/sentinel_drone/task_1/edrone_client/src/Protocol.cpp:81:30:[m[K [01;35m[Kwarning: [m[Koperation on ‘[01m[KbufferIndex[m[K’ may be undefined [[01;35m[K-Wsequence-point[m[K]
   81 |   + ((inputBuffer[[01;35m[KbufferIndex++[m[K] & 0xff) << 16) + ((inputBuffer[bufferIndex++] & 0xff) << 24);
      |                   [01;35m[K~~~~~~~~~~~^~[m[K
[01m[K/home/thilanka/catkin_ws/src/sentinel_drone/task_1/edrone_client/src/Protocol.cpp:81:30:[m[K [01;35m[Kwarning: [m[Koperation on ‘[01m[KbufferIndex[m[K’ may be undefined [[01;35m[K-Wsequence-point[m[K]
[01m[K/home/thilanka/catkin_ws/src/sentinel_drone/task_1/edrone_client/src/Protocol.cpp:81:30:[m[K [01;35m[Kwarning: [m[Koperation on ‘[01m[KbufferIndex[m[K’ may be undefined [[01;35m[K-Wsequence-point[m[K]
[01m[K/home/thilanka/catkin_ws/src/sentinel_drone/task_1/edrone_client/src/Protocol.cpp:81:30:[m[K [01;35m[Kwarning: [m[Koperation on ‘[01m[KbufferIndex[m[K’ may be undefined [[01;35m[K-Wsequence-point[m[K]
[01m[K/home/thilanka/catkin_ws/src/sentinel_drone/task_1/edrone_client/src/Protocol.cpp:81:30:[m[K [01;35m[Kwarning: [m[Koperation on ‘[01m[KbufferIndex[m[K’ may be undefined [[01;35m[K-Wsequence-point[m[K]
[01m[K/home/thilanka/catkin_ws/src/sentinel_drone/task_1/edrone_client/src/Protocol.cpp:81:30:[m[K [01;35m[Kwarning: [m[Koperation on ‘[01m[KbufferIndex[m[K’ may be undefined [[01;35m[K-Wsequence-point[m[K]
[35m[1mScanning dependencies of target std_msgs_generate_messages_nodejs[0m
[35m[1mScanning dependencies of target std_msgs_generate_messages_lisp[0m
[ 10%] Built target std_msgs_generate_messages_nodejs
[ 10%] Built target std_msgs_generate_messages_lisp
[35m[1mScanning dependencies of target edrone_client_generate_messages_cpp[0m
[ 15%] [34m[1mGenerating C++ code from edrone_client/edrone_msgs.msg[0m
[ 20%] [34m[1mGenerating C++ code from edrone_client/edrone_services.srv[0m
[35m[1mScanning dependencies of target edrone_client_generate_messages_eus[0m
[ 25%] [34m[1mGenerating EusLisp code from edrone_client/edrone_msgs.msg[0m
[ 30%] [34m[1mGenerating EusLisp code from edrone_client/edrone_services.srv[0m
[ 30%] Built target edrone_client_generate_messages_cpp
[ 35%] [34m[1mGenerating EusLisp manifest code for edrone_client[0m
[35m[1mScanning dependencies of target edrone_client_generate_messages_py[0m
[35m[1mScanning dependencies of target edrone_client_generate_messages_nodejs[0m
[ 40%] [34m[1mGenerating Javascript code from edrone_client/edrone_msgs.msg[0m
[ 45%] [34m[1mGenerating Python from MSG edrone_client/edrone_msgs[0m
[ 50%] [34m[1mGenerating Python code from SRV edrone_client/edrone_services[0m
[ 55%] [34m[1mGenerating Javascript code from edrone_client/edrone_services.srv[0m
[ 55%] Built target edrone_client_generate_messages_nodejs
[ 60%] [34m[1mGenerating Python msg __init__.py for edrone_client[0m
[ 65%] [34m[1mGenerating Python srv __init__.py for edrone_client[0m
[ 65%] Built target edrone_client_generate_messages_eus
[35m[1mScanning dependencies of target edrone_client_generate_messages_lisp[0m
[ 75%] [34m[1mGenerating Lisp code from edrone_client/edrone_msgs.msg[0m
[ 75%] [34m[1mGenerating Lisp code from edrone_client/edrone_services.srv[0m
[ 75%] Built target edrone_client_generate_messages_lisp
[ 75%] Built target edrone_client_generate_messages_py
[35m[1mScanning dependencies of target edrone_client_gencpp[0m
[ 75%] Built target edrone_client_gencpp
[35m[1mScanning dependencies of target edrone_client_generate_messages[0m
[ 75%] Built target edrone_client_generate_messages
[ 80%] [32m[1mLinking CXX shared library /home/thilanka/catkin_ws/devel/.private/edrone_client/lib/libedrone_client.so[0m
[ 80%] Built target edrone_client
[35m[1mScanning dependencies of target edroneclient[0m
[35m[1mScanning dependencies of target edroneswarm[0m
[ 90%] [32mBuilding CXX object CMakeFiles/edroneclient.dir/src/DroneNode.cpp.o[0m
[ 90%] [32mBuilding CXX object CMakeFiles/edroneswarm.dir/src/DroneSwarm.cpp.o[0m
[ 95%] [32m[1mLinking CXX executable /home/thilanka/catkin_ws/devel/.private/edrone_client/lib/edrone_client/edroneclient[0m
[ 95%] Built target edroneclient
[100%] [32m[1mLinking CXX executable /home/thilanka/catkin_ws/devel/.private/edrone_client/lib/edrone_client/edroneswarm[0m
[100%] Built target edroneswarm
