[35m[1mScanning dependencies of target std_msgs_generate_messages_lisp[0m
[  0%] Built target std_msgs_generate_messages_lisp
[35m[1mScanning dependencies of target _sentinel_drone_generate_messages_check_deps_Geolocation[0m
[35m[1mScanning dependencies of target std_msgs_generate_messages_py[0m
[  0%] Built target std_msgs_generate_messages_py
[35m[1mScanning dependencies of target std_msgs_generate_messages_cpp[0m
[35m[1mScanning dependencies of target std_msgs_generate_messages_nodejs[0m
[  0%] Built target std_msgs_generate_messages_cpp
[  0%] Built target std_msgs_generate_messages_nodejs
[35m[1mScanning dependencies of target std_msgs_generate_messages_eus[0m
[  0%] Built target _sentinel_drone_generate_messages_check_deps_Geolocation
[  0%] Built target std_msgs_generate_messages_eus
[35m[1mScanning dependencies of target sentinel_drone_generate_messages_lisp[0m
[35m[1mScanning dependencies of target sentinel_drone_generate_messages_py[0m
[ 14%] [34m[1mGenerating Lisp code from sentinel_drone/Geolocation.msg[0m
[ 28%] [34m[1mGenerating Python from MSG sentinel_drone/Geolocation[0m
[35m[1mScanning dependencies of target sentinel_drone_generate_messages_cpp[0m
[ 42%] [34m[1mGenerating C++ code from sentinel_drone/Geolocation.msg[0m
[35m[1mScanning dependencies of target sentinel_drone_generate_messages_eus[0m
[35m[1mScanning dependencies of target sentinel_drone_generate_messages_nodejs[0m
[ 71%] [34m[1mGenerating EusLisp code from sentinel_drone/Geolocation.msg[0m
[ 71%] [34m[1mGenerating Javascript code from sentinel_drone/Geolocation.msg[0m
[ 85%] [34m[1mGenerating EusLisp manifest code for sentinel_drone[0m
[ 85%] Built target sentinel_drone_generate_messages_lisp
[ 85%] Built target sentinel_drone_generate_messages_nodejs
[ 85%] Built target sentinel_drone_generate_messages_cpp
[100%] [34m[1mGenerating Python msg __init__.py for sentinel_drone[0m
[100%] Built target sentinel_drone_generate_messages_py
[100%] Built target sentinel_drone_generate_messages_eus
[35m[1mScanning dependencies of target sentinel_drone_generate_messages[0m
[100%] Built target sentinel_drone_generate_messages
